<?xml version="1.0" encoding="UTF-8"?>
<testng-results total="1" passed="1" failed="0" skipped="0">
  <reporter-output>
  </reporter-output>
  <suite started-at="2019-12-15T09:17:15Z" name="Default suite" finished-at="2019-12-15T09:17:17Z" duration-ms="2777">
    <groups>
    </groups>
    <test started-at="2019-12-15T09:17:15Z" name="Default test" finished-at="2019-12-15T09:17:17Z" duration-ms="2777">
      <class name="restassured_basics.Basics_2">
        <test-method signature="Test2()[pri:0, instance:restassured_basics.Basics_2@55ca8de8]" started-at="2019-12-15T14:47:15Z" name="Test2" finished-at="2019-12-15T14:47:17Z" duration-ms="2756" status="PASS">
          <reporter-output>
          </reporter-output>
        </test-method> <!-- Test2 -->
      </class> <!-- restassured_basics.Basics_2 -->
    </test> <!-- Default test -->
  </suite> <!-- Default suite -->
</testng-results>
